{
  "stats": {
    "suites": 1,
    "tests": 11,
    "passes": 11,
    "pending": 0,
    "failures": 0,
    "start": "2021-05-10T21:31:37.182Z",
    "end": "2021-05-10T21:31:57.847Z",
    "duration": 20665,
    "testsRegistered": 11,
    "passPercent": 100,
    "pendingPercent": 0,
    "other": 0,
    "hasOther": false,
    "skipped": 0,
    "hasSkipped": false
  },
  "results": [
    {
      "uuid": "6540d73e-7a2a-46e7-8d7b-cb9d0feaca33",
      "title": "",
      "fullFile": "cypress/integration/req02-register.spec.js",
      "file": "cypress/integration/req02-register.spec.js",
      "beforeHooks": [],
      "afterHooks": [],
      "tests": [],
      "suites": [
        {
          "uuid": "39ef7775-5f4b-4bfa-bd11-b58130192f33",
          "title": "2 - Crie uma página de registro de usuários",
          "fullFile": "",
          "file": "",
          "beforeHooks": [],
          "afterHooks": [],
          "tests": [
            {
              "title": "Será validado que é possível acessar a tela de registro",
              "fullTitle": "2 - Crie uma página de registro de usuários Será validado que é possível acessar a tela de registro",
              "timedOut": null,
              "duration": 1848,
              "state": "passed",
              "speed": "slow",
              "pass": true,
              "fail": false,
              "pending": false,
              "context": null,
              "code": "(0, _actionBase.verifyContainsUrl)(\"\".concat(Cypress.config().baseUrl, \"/register\"));",
              "err": {},
              "uuid": "495303b5-7efe-4820-823d-ef2c4db62d29",
              "parentUUID": "39ef7775-5f4b-4bfa-bd11-b58130192f33",
              "isHook": false,
              "skipped": false
            },
            {
              "title": "Será validado que contém os atributos descritos no protótipo",
              "fullTitle": "2 - Crie uma página de registro de usuários Será validado que contém os atributos descritos no protótipo",
              "timedOut": null,
              "duration": 799,
              "state": "passed",
              "speed": "slow",
              "pass": true,
              "fail": false,
              "pending": false,
              "context": null,
              "code": "(0, _actionBase.verifyContainsText)('Nome');\n(0, _actionBase.verifyElementVisible)('[data-testid=\"signup-name\"]');\n(0, _actionBase.verifyContainsText)('Email');\n(0, _actionBase.verifyElementVisible)('[data-testid=\"signup-email\"]');\n(0, _actionBase.verifyContainsText)('Senha');\n(0, _actionBase.verifyElementVisible)('[data-testid=\"signup-password\"]');\n(0, _actionBase.verifyContainsText)('Quero vender');\n(0, _actionBase.verifyElementVisible)('[data-testid=\"signup-seller\"]');\n(0, _actionBase.verifyContainsText)('Cadastrar');\n(0, _actionBase.verifyElementVisible)('[data-testid=\"signup-btn\"]');",
              "err": {},
              "uuid": "106cd4a4-477f-4c42-bf91-5522f5ba641a",
              "parentUUID": "39ef7775-5f4b-4bfa-bd11-b58130192f33",
              "isHook": false,
              "skipped": false
            },
            {
              "title": "Será validado que não é possível fazer o registro com um nome com menos de 12 letras",
              "fullTitle": "2 - Crie uma página de registro de usuários Será validado que não é possível fazer o registro com um nome com menos de 12 letras",
              "timedOut": null,
              "duration": 2006,
              "state": "passed",
              "speed": "slow",
              "pass": true,
              "fail": false,
              "pending": false,
              "context": null,
              "code": "(0, _actionBase.insertText)('[data-testid=\"signup-name\"]', 'bruno');\n(0, _actionBase.insertText)('[data-testid=\"signup-email\"]', 'email@gmail.com');\n(0, _actionBase.insertText)('[data-testid=\"signup-password\"]', '12345678');\n(0, _actionBase.verifyElementIsDisable)('[data-testid=\"signup-btn\"]');",
              "err": {},
              "uuid": "913303e7-25ac-4139-b549-02e337a9006d",
              "parentUUID": "39ef7775-5f4b-4bfa-bd11-b58130192f33",
              "isHook": false,
              "skipped": false
            },
            {
              "title": "Será validado que não é possível fazer o registro com um nome com caracteres especiais",
              "fullTitle": "2 - Crie uma página de registro de usuários Será validado que não é possível fazer o registro com um nome com caracteres especiais",
              "timedOut": null,
              "duration": 1844,
              "state": "passed",
              "speed": "slow",
              "pass": true,
              "fail": false,
              "pending": false,
              "context": null,
              "code": "(0, _actionBase.insertText)('[data-testid=\"signup-name\"]', 'brunobatista@@');\n(0, _actionBase.insertText)('[data-testid=\"signup-email\"]', 'email@gmail.com');\n(0, _actionBase.insertText)('[data-testid=\"signup-password\"]', '12345678');\n(0, _actionBase.verifyElementIsDisable)('[data-testid=\"signup-btn\"]');",
              "err": {},
              "uuid": "262343ac-8ecf-4134-94e8-6ff1b4dd8079",
              "parentUUID": "39ef7775-5f4b-4bfa-bd11-b58130192f33",
              "isHook": false,
              "skipped": false
            },
            {
              "title": "Será validado que não é possível fazer o registro com um nome com números",
              "fullTitle": "2 - Crie uma página de registro de usuários Será validado que não é possível fazer o registro com um nome com números",
              "timedOut": null,
              "duration": 1787,
              "state": "passed",
              "speed": "slow",
              "pass": true,
              "fail": false,
              "pending": false,
              "context": null,
              "code": "(0, _actionBase.insertText)('[data-testid=\"signup-name\"]', 'brunobatista12');\n(0, _actionBase.insertText)('[data-testid=\"signup-email\"]', 'email@gmail.com');\n(0, _actionBase.insertText)('[data-testid=\"signup-password\"]', '12345678');\n(0, _actionBase.verifyElementIsDisable)('[data-testid=\"signup-btn\"]');",
              "err": {},
              "uuid": "e981f18b-7dc2-44ae-ad3c-ef8427eb49e9",
              "parentUUID": "39ef7775-5f4b-4bfa-bd11-b58130192f33",
              "isHook": false,
              "skipped": false
            },
            {
              "title": "Será validado que não é possível fazer login com um email inválido",
              "fullTitle": "2 - Crie uma página de registro de usuários Será validado que não é possível fazer login com um email inválido",
              "timedOut": null,
              "duration": 1728,
              "state": "passed",
              "speed": "slow",
              "pass": true,
              "fail": false,
              "pending": false,
              "context": null,
              "code": "(0, _actionBase.insertText)('[data-testid=\"signup-name\"]', 'brunobatistasilva');\n(0, _actionBase.insertText)('[data-testid=\"signup-email\"]', 'email@');\n(0, _actionBase.insertText)('[data-testid=\"signup-password\"]', '12345678');\n(0, _actionBase.verifyElementIsDisable)('[data-testid=\"signup-btn\"]');",
              "err": {},
              "uuid": "4014a5c3-ebec-4ca6-a6f9-17735219caae",
              "parentUUID": "39ef7775-5f4b-4bfa-bd11-b58130192f33",
              "isHook": false,
              "skipped": false
            },
            {
              "title": "Será validado que não é possível fazer login com um email já existente",
              "fullTitle": "2 - Crie uma página de registro de usuários Será validado que não é possível fazer login com um email já existente",
              "timedOut": null,
              "duration": 2363,
              "state": "passed",
              "speed": "slow",
              "pass": true,
              "fail": false,
              "pending": false,
              "context": null,
              "code": "(0, _actionBase.insertText)('[data-testid=\"signup-name\"]', 'bruno silva batista');\n(0, _actionBase.insertText)('[data-testid=\"signup-email\"]', 'bruno.batista@gmail.com');\n(0, _actionBase.insertText)('[data-testid=\"signup-password\"]', '12345678');\n(0, _actionBase.clickButton)('[data-testid=\"signup-btn\"]');\n(0, _actionBase.verifyContainsText)('Já existe um usuário com esse e-mail.');",
              "err": {},
              "uuid": "24dd5348-e613-46b2-a27c-ddba503e20dc",
              "parentUUID": "39ef7775-5f4b-4bfa-bd11-b58130192f33",
              "isHook": false,
              "skipped": false
            },
            {
              "title": "Será validado que não é possível fazer login com uma senha em branco",
              "fullTitle": "2 - Crie uma página de registro de usuários Será validado que não é possível fazer login com uma senha em branco",
              "timedOut": null,
              "duration": 1755,
              "state": "passed",
              "speed": "slow",
              "pass": true,
              "fail": false,
              "pending": false,
              "context": null,
              "code": "(0, _actionBase.insertText)('[data-testid=\"signup-name\"]', 'brunobatistasilva');\n(0, _actionBase.insertText)('[data-testid=\"signup-email\"]', 'email@gmail.com');\n(0, _actionBase.insertText)('[data-testid=\"signup-password\"]', ' ');\n(0, _actionBase.verifyElementIsDisable)('[data-testid=\"signup-btn\"]');",
              "err": {},
              "uuid": "36ab88fb-e0ec-48a2-9486-f17e3d3edcae",
              "parentUUID": "39ef7775-5f4b-4bfa-bd11-b58130192f33",
              "isHook": false,
              "skipped": false
            },
            {
              "title": "Será validado que não é possível fazer login com uma senha com menos de 6 caracteres",
              "fullTitle": "2 - Crie uma página de registro de usuários Será validado que não é possível fazer login com uma senha com menos de 6 caracteres",
              "timedOut": null,
              "duration": 1709,
              "state": "passed",
              "speed": "slow",
              "pass": true,
              "fail": false,
              "pending": false,
              "context": null,
              "code": "(0, _actionBase.insertText)('[data-testid=\"signup-name\"]', 'brunobatista@@');\n(0, _actionBase.insertText)('[data-testid=\"signup-email\"]', 'email@gmail.com');\n(0, _actionBase.insertText)('[data-testid=\"signup-password\"]', '1234');\n(0, _actionBase.verifyElementIsDisable)('[data-testid=\"signup-btn\"]');",
              "err": {},
              "uuid": "9a533037-f10c-4de6-a8e9-049f24e5fd20",
              "parentUUID": "39ef7775-5f4b-4bfa-bd11-b58130192f33",
              "isHook": false,
              "skipped": false
            },
            {
              "title": "Será validado que é possível fazer cadastro de um admin com sucesso e ser redirecionado para tela do admin",
              "fullTitle": "2 - Crie uma página de registro de usuários Será validado que é possível fazer cadastro de um admin com sucesso e ser redirecionado para tela do admin",
              "timedOut": null,
              "duration": 2396,
              "state": "passed",
              "speed": "slow",
              "pass": true,
              "fail": false,
              "pending": false,
              "context": null,
              "code": "var randomEmail = _faker.internet.email();\n(0, _actionBase.insertText)('[data-testid=\"signup-name\"]', 'brunobatistasilva');\n(0, _actionBase.insertText)('[data-testid=\"signup-email\"]', randomEmail);\n(0, _actionBase.insertText)('[data-testid=\"signup-password\"]', '123456');\n(0, _actionBase.checkElement)('[data-testid=\"signup-seller\"]');\n(0, _actionBase.clickButton)('[data-testid=\"signup-btn\"]');\n(0, _actionBase.verifyContainsUrl)(\"\".concat(Cypress.config().baseUrl, \"/admin/orders\"));",
              "err": {},
              "uuid": "8aec7faa-35d6-4463-b501-90fb8ad9e88d",
              "parentUUID": "39ef7775-5f4b-4bfa-bd11-b58130192f33",
              "isHook": false,
              "skipped": false
            },
            {
              "title": "Será validado que é possível fazer cadastro de um cliente com sucesso e ser redirecionado para tela do cliente",
              "fullTitle": "2 - Crie uma página de registro de usuários Será validado que é possível fazer cadastro de um cliente com sucesso e ser redirecionado para tela do cliente",
              "timedOut": null,
              "duration": 2090,
              "state": "passed",
              "speed": "slow",
              "pass": true,
              "fail": false,
              "pending": false,
              "context": null,
              "code": "var randomEmail = _faker.internet.email();\n(0, _actionBase.insertText)('[data-testid=\"signup-name\"]', 'brunobatistasilva');\n(0, _actionBase.insertText)('[data-testid=\"signup-email\"]', randomEmail);\n(0, _actionBase.insertText)('[data-testid=\"signup-password\"]', '123456');\n(0, _actionBase.clickButton)('[data-testid=\"signup-btn\"]');\n(0, _actionBase.verifyContainsUrl)(\"\".concat(Cypress.config().baseUrl, \"/products\"));",
              "err": {},
              "uuid": "09e99fef-c822-4ad2-a4fd-4a8c79fb1025",
              "parentUUID": "39ef7775-5f4b-4bfa-bd11-b58130192f33",
              "isHook": false,
              "skipped": false
            }
          ],
          "suites": [],
          "passes": [
            "495303b5-7efe-4820-823d-ef2c4db62d29",
            "106cd4a4-477f-4c42-bf91-5522f5ba641a",
            "913303e7-25ac-4139-b549-02e337a9006d",
            "262343ac-8ecf-4134-94e8-6ff1b4dd8079",
            "e981f18b-7dc2-44ae-ad3c-ef8427eb49e9",
            "4014a5c3-ebec-4ca6-a6f9-17735219caae",
            "24dd5348-e613-46b2-a27c-ddba503e20dc",
            "36ab88fb-e0ec-48a2-9486-f17e3d3edcae",
            "9a533037-f10c-4de6-a8e9-049f24e5fd20",
            "8aec7faa-35d6-4463-b501-90fb8ad9e88d",
            "09e99fef-c822-4ad2-a4fd-4a8c79fb1025"
          ],
          "failures": [],
          "pending": [],
          "skipped": [],
          "duration": 20325,
          "root": false,
          "rootEmpty": false,
          "_timeout": 2000
        }
      ],
      "passes": [],
      "failures": [],
      "pending": [],
      "skipped": [],
      "duration": 0,
      "root": true,
      "rootEmpty": true,
      "_timeout": 2000
    }
  ],
  "meta": {
    "mocha": {
      "version": "7.0.1"
    },
    "mochawesome": {
      "options": {
        "quiet": false,
        "reportFilename": "mochawesome",
        "saveHtml": false,
        "saveJson": true,
        "consoleReporter": "spec",
        "useInlineDiffs": false
      },
      "version": "4.1.0"
    },
    "marge": {
      "options": {
        "id": "default",
        "reportDir": "cypress/reports",
        "overwrite": false,
        "html": false,
        "json": true
      },
      "version": "4.1.0"
    }
  }
}